SF:lib\features\counters\presentation\bloc\counter_bloc.dart
DA:21,5
DA:23,2
DA:24,6
DA:26,2
DA:27,2
DA:28,2
DA:29,2
DA:36,4
DA:37,4
DA:38,12
DA:40,4
DA:41,12
DA:43,4
DA:44,12
DA:46,4
DA:48,14
DA:49,6
LF:17
LH:17
end_of_record
SF:lib\features\counters\presentation\pages\bloc_counter_screen.dart
DA:6,1
DA:8,1
DA:10,1
DA:11,2
DA:12,1
DA:13,1
DA:14,1
DA:16,1
DA:17,1
DA:18,1
DA:19,1
DA:22,3
DA:24,1
DA:26,1
DA:27,1
DA:28,1
DA:29,3
DA:34,1
DA:35,1
DA:36,3
DA:45,1
DA:46,2
DA:50,1
DA:52,1
DA:53,1
DA:54,1
DA:55,3
DA:60,1
DA:61,1
DA:62,3
LF:30
LH:30
end_of_record
SF:lib\features\counters\presentation\controllers\counter_controller.dart
DA:7,6
DA:8,6
DA:10,3
DA:11,1
DA:12,5
LF:5
LH:5
end_of_record
SF:lib\features\counters\presentation\streams\stream_counter_manager.dart
DA:13,6
DA:14,6
DA:17,4
DA:18,4
DA:20,2
DA:22,8
DA:23,8
DA:26,2
DA:27,4
DA:28,8
DA:31,2
DA:32,4
DA:33,8
DA:36,1
DA:37,2
DA:38,4
DA:41,1
DA:42,4
DA:43,4
DA:46,2
DA:47,4
DA:48,4
LF:22
LH:22
end_of_record
SF:lib\features\counters\presentation\pages\stream_counter_screen.dart
DA:5,1
DA:7,1
DA:8,1
DA:15,1
DA:17,2
DA:18,1
DA:21,1
DA:23,1
DA:24,1
DA:27,1
DA:29,1
DA:30,1
DA:32,1
DA:33,2
DA:34,2
DA:35,1
DA:36,3
DA:40,1
DA:42,1
DA:43,1
DA:44,2
DA:46,1
DA:47,2
DA:53,1
DA:54,2
DA:55,2
DA:56,1
DA:57,3
DA:61,1
DA:63,1
DA:64,1
DA:65,2
DA:67,1
DA:68,2
LF:34
LH:34
end_of_record
SF:lib\features\counters\presentation\pages\getx_counter_screen.dart
DA:8,1
DA:10,1
DA:12,1
DA:13,1
DA:14,1
DA:16,1
DA:17,1
DA:19,7
DA:21,1
DA:23,1
DA:24,1
DA:25,2
DA:27,1
DA:28,2
DA:34,7
DA:36,1
DA:38,1
DA:39,1
DA:40,2
DA:42,1
DA:43,2
LF:21
LH:21
end_of_record
