SF:lib\core\http\dio_client.dart
DA:9,1
DA:10,2
DA:11,1
DA:18,3
DA:19,1
DA:23,2
LF:6
LH:6
end_of_record
SF:lib\features\counters\presentation\controllers\counter_controller.dart
DA:7,6
DA:8,6
DA:10,3
DA:11,1
DA:12,5
LF:5
LH:5
end_of_record
SF:lib\features\counters\presentation\pages\getx_counter_screen.dart
DA:9,2
DA:11,2
DA:13,2
DA:14,2
DA:15,2
DA:17,2
DA:18,2
DA:20,14
DA:22,2
DA:24,2
DA:25,2
DA:26,4
DA:28,2
DA:29,4
DA:35,14
DA:37,2
DA:39,2
DA:40,2
DA:41,4
DA:43,2
DA:44,4
LF:21
LH:21
end_of_record
SF:lib\features\counters\presentation\bloc\counter_bloc.dart
DA:21,13
DA:23,2
DA:24,6
DA:26,2
DA:27,2
DA:28,2
DA:29,2
DA:36,6
DA:37,5
DA:38,12
DA:40,5
DA:41,12
DA:43,5
DA:44,12
DA:46,5
DA:48,14
DA:49,6
LF:17
LH:17
end_of_record
SF:lib\features\counters\presentation\pages\bloc_counter_screen.dart
DA:7,9
DA:9,2
DA:11,2
DA:12,4
DA:13,2
DA:14,2
DA:15,2
DA:17,2
DA:18,2
DA:19,2
DA:20,2
DA:23,6
DA:25,2
DA:27,2
DA:28,2
DA:29,1
DA:30,3
DA:35,2
DA:36,1
DA:37,3
DA:46,2
DA:47,4
DA:51,2
DA:53,2
DA:54,2
DA:55,1
DA:56,3
DA:61,2
DA:62,1
DA:63,3
LF:30
LH:30
end_of_record
SF:lib\core\http\interceptors\logger_interceptor.dart
DA:4,1
DA:6,4
DA:7,3
DA:8,3
DA:9,1
DA:12,1
DA:14,1
DA:15,4
DA:17,3
DA:18,1
DA:21,1
DA:23,1
DA:24,5
DA:26,1
LF:14
LH:14
end_of_record
SF:lib\core\http\validators\status_validator.dart
DA:2,2
DA:5,2
DA:10,2
DA:15,2
DA:20,2
DA:26,4
DA:30,2
DA:31,2
DA:32,2
DA:33,2
DA:34,3
LF:11
LH:11
end_of_record
SF:lib\features\counters\presentation\pages\home_screen.dart
DA:10,8
DA:12,1
DA:14,1
DA:15,1
DA:18,1
DA:19,1
DA:21,1
DA:22,1
DA:24,3
DA:27,1
DA:29,3
DA:32,1
DA:34,3
DA:37,1
DA:38,1
DA:47,0
LF:16
LH:15
end_of_record
SF:lib\features\counters\presentation\pages\stream_counter_screen.dart
DA:6,9
DA:8,2
DA:9,2
DA:16,2
DA:18,4
DA:19,2
DA:22,2
DA:24,2
DA:25,2
DA:28,2
DA:30,2
DA:31,2
DA:33,2
DA:34,4
DA:35,4
DA:36,2
DA:37,6
DA:41,2
DA:43,2
DA:44,2
DA:45,4
DA:47,2
DA:48,4
DA:54,2
DA:55,4
DA:56,4
DA:57,2
DA:58,6
DA:62,2
DA:64,2
DA:65,2
DA:66,4
DA:68,2
DA:69,4
LF:34
LH:34
end_of_record
SF:lib\features\posts\presentation\pages\posts_page.dart
DA:9,8
DA:11,0
DA:13,0
DA:14,0
DA:18,0
DA:19,0
DA:23,0
DA:24,0
DA:25,0
DA:27,0
DA:28,0
DA:29,0
DA:30,0
DA:38,0
DA:39,0
DA:40,0
DA:42,0
DA:43,0
DA:44,0
DA:45,0
DA:48,0
DA:49,0
DA:50,0
DA:53,0
DA:54,0
DA:55,0
DA:57,0
DA:59,0
DA:61,0
DA:62,0
DA:63,0
DA:70,0
DA:71,0
LF:33
LH:1
end_of_record
SF:lib\features\counters\presentation\streams\stream_counter_manager.dart
DA:13,9
DA:14,9
DA:17,6
DA:18,6
DA:20,3
DA:22,12
DA:23,12
DA:26,2
DA:27,4
DA:28,8
DA:31,2
DA:32,4
DA:33,8
DA:36,1
DA:37,2
DA:38,4
DA:41,1
DA:42,4
DA:43,4
DA:46,3
DA:47,6
DA:48,6
LF:22
LH:22
end_of_record
SF:lib\features\posts\bindings\posts_binding.dart
DA:8,0
DA:10,0
DA:11,0
DA:12,0
DA:13,0
LF:5
LH:0
end_of_record
SF:lib\features\posts\data\datasources\posts_datasource.dart
DA:13,1
DA:15,1
DA:18,3
DA:19,1
DA:20,3
DA:21,1
DA:23,1
DA:27,1
DA:30,4
DA:31,1
DA:32,3
DA:33,1
DA:35,1
LF:13
LH:13
end_of_record
SF:lib\features\posts\data\repositories\posts_repository.dart
DA:8,0
DA:10,0
DA:12,0
DA:14,0
DA:18,0
DA:20,0
DA:22,0
LF:7
LH:0
end_of_record
SF:lib\features\posts\presentation\controllers\posts_controller.dart
DA:9,1
DA:15,0
DA:17,0
DA:18,0
DA:21,1
DA:23,2
DA:24,2
DA:25,4
DA:27,2
DA:29,2
DA:33,1
DA:35,2
DA:37,1
LF:13
LH:10
end_of_record
SF:lib\features\posts\domain\models\post_model.dart
DA:7,2
DA:14,1
DA:15,1
DA:16,1
DA:17,1
DA:18,1
DA:19,1
LF:7
LH:7
end_of_record
SF:lib\features\posts\domain\models\comment_model.dart
DA:8,2
DA:16,1
DA:17,1
DA:18,1
DA:19,1
DA:20,1
DA:21,1
DA:22,1
LF:8
LH:8
end_of_record
SF:lib\features\posts\presentation\pages\post_details_page.dart
DA:10,0
DA:12,0
DA:14,0
DA:15,0
DA:16,0
DA:17,0
DA:20,0
DA:22,0
DA:23,0
DA:32,0
DA:33,0
DA:34,0
DA:37,0
DA:38,0
DA:39,0
DA:46,0
DA:47,0
DA:49,0
DA:50,0
DA:51,0
DA:53,0
DA:54,0
DA:76,0
DA:78,0
DA:85,0
DA:86,0
DA:87,0
DA:88,0
DA:89,0
DA:100,0
DA:101,0
DA:102,0
DA:103,0
DA:104,0
DA:111,0
DA:112,0
DA:121,0
DA:122,0
DA:123,0
DA:124,0
DA:125,0
DA:126,0
DA:128,0
DA:130,0
DA:132,0
DA:133,0
DA:134,0
DA:135,0
DA:136,0
DA:137,0
DA:138,0
DA:143,0
DA:144,0
DA:146,0
DA:147,0
DA:148,0
DA:153,0
DA:154,0
DA:155,0
DA:156,0
DA:161,0
DA:162,0
DA:173,0
LF:63
LH:0
end_of_record
SF:lib\routes\app_routes.dart
DA:13,3
DA:14,1
DA:16,1
DA:18,1
DA:20,1
DA:22,1
DA:24,1
DA:26,1
DA:28,2
DA:30,1
DA:32,0
DA:33,1
DA:34,1
DA:35,1
DA:37,0
DA:38,0
DA:39,0
DA:40,0
DA:41,0
DA:42,0
LF:20
LH:13
end_of_record
